<?xml version="1.0" encoding="UTF-8"?>
<coverage generated="1533110741076" clover="3.2.0">
  <project timestamp="1533110741076" name="All files">
    <metrics statements="33" coveredstatements="32" conditionals="11" coveredconditionals="9" methods="6" coveredmethods="6" elements="50" coveredelements="47" complexity="0" loc="33" ncloc="33" packages="2" files="2" classes="2">
      <package name="sort">
        <metrics statements="21" coveredstatements="20" conditionals="6" coveredconditionals="5" methods="2" coveredmethods="2"/>
        <file name="bubble.js" path="C:\Users\shaggysmile\Desktop\JS Algrotims\src\sort\bubble.js">
          <metrics statements="21" coveredstatements="20" conditionals="6" coveredconditionals="5" methods="2" coveredmethods="2"/>
          <line num="1" count="1" type="stmt"/>
          <line num="3" count="1" type="stmt"/>
          <line num="5" count="1" type="stmt"/>
          <line num="6" count="12" type="stmt"/>
          <line num="7" count="12" type="stmt"/>
          <line num="8" count="240" type="cond" truecount="2" falsecount="0"/>
          <line num="9" count="90" type="stmt"/>
          <line num="10" count="90" type="stmt"/>
          <line num="14" count="1" type="stmt"/>
          <line num="18" count="1" type="stmt"/>
          <line num="19" count="1" type="stmt"/>
          <line num="20" count="1" type="stmt"/>
          <line num="21" count="20" type="stmt"/>
          <line num="22" count="400" type="stmt"/>
          <line num="23" count="400" type="cond" truecount="2" falsecount="0"/>
          <line num="24" count="90" type="stmt"/>
          <line num="25" count="90" type="stmt"/>
          <line num="28" count="20" type="cond" truecount="1" falsecount="1"/>
          <line num="29" count="0" type="stmt"/>
          <line num="32" count="1" type="stmt"/>
          <line num="35" count="1" type="stmt"/>
        </file>
      </package>
      <package name="utils">
        <metrics statements="12" coveredstatements="12" conditionals="5" coveredconditionals="4" methods="4" coveredmethods="4"/>
        <file name="array.js" path="C:\Users\shaggysmile\Desktop\JS Algrotims\src\utils\array.js">
          <metrics statements="12" coveredstatements="12" conditionals="5" coveredconditionals="4" methods="4" coveredmethods="4"/>
          <line num="2" count="201" type="stmt"/>
          <line num="3" count="201" type="stmt"/>
          <line num="7" count="4" type="cond" truecount="2" falsecount="0"/>
          <line num="8" count="1" type="stmt"/>
          <line num="9" count="1" type="stmt"/>
          <line num="11" count="4" type="stmt"/>
          <line num="12" count="25" type="cond" truecount="1" falsecount="1"/>
          <line num="16" count="1" type="stmt"/>
          <line num="17" count="19" type="stmt"/>
          <line num="18" count="19" type="stmt"/>
          <line num="20" count="1" type="stmt"/>
          <line num="23" count="2" type="stmt"/>
        </file>
      </package>
    </metrics>
  </project>
</coverage>
