{"C:\\Users\\shaggysmile\\Desktop\\JS Algrotims\\src\\sort\\bubble.js": {"path":"C:\\Users\\shaggysmile\\Desktop\\JS Algrotims\\src\\sort\\bubble.js","statementMap":{"0":{"start":{"line":1,"column":17},"end":{"line":1,"column":42}},"1":{"start":{"line":3,"column":16},"end":{"line":3,"column":32}},"2":{"start":{"line":5,"column":2},"end":{"line":13,"column":19}},"3":{"start":{"line":6,"column":4},"end":{"line":6,"column":19}},"4":{"start":{"line":7,"column":4},"end":{"line":12,"column":5}},"5":{"start":{"line":8,"column":6},"end":{"line":11,"column":7}},"6":{"start":{"line":9,"column":8},"end":{"line":9,"column":29}},"7":{"start":{"line":10,"column":8},"end":{"line":10,"column":22}},"8":{"start":{"line":14,"column":2},"end":{"line":14,"column":14}},"9":{"start":{"line":18,"column":16},"end":{"line":18,"column":32}},"10":{"start":{"line":19,"column":16},"end":{"line":19,"column":21}},"11":{"start":{"line":20,"column":2},"end":{"line":31,"column":3}},"12":{"start":{"line":21,"column":4},"end":{"line":27,"column":5}},"13":{"start":{"line":22,"column":24},"end":{"line":22,"column":29}},"14":{"start":{"line":23,"column":6},"end":{"line":26,"column":7}},"15":{"start":{"line":24,"column":8},"end":{"line":24,"column":33}},"16":{"start":{"line":25,"column":8},"end":{"line":25,"column":22}},"17":{"start":{"line":28,"column":4},"end":{"line":30,"column":5}},"18":{"start":{"line":29,"column":6},"end":{"line":29,"column":11}},"19":{"start":{"line":32,"column":2},"end":{"line":32,"column":14}},"20":{"start":{"line":35,"column":0},"end":{"line":38,"column":1}}},"fnMap":{"0":{"name":"bubbleSort","decl":{"start":{"line":2,"column":9},"end":{"line":2,"column":19}},"loc":{"start":{"line":2,"column":34},"end":{"line":15,"column":1}},"line":2},"1":{"name":"bubbleSort2","decl":{"start":{"line":17,"column":9},"end":{"line":17,"column":20}},"loc":{"start":{"line":17,"column":35},"end":{"line":33,"column":1}},"line":17}},"branchMap":{"0":{"loc":{"start":{"line":8,"column":6},"end":{"line":11,"column":7}},"type":"if","locations":[{"start":{"line":8,"column":6},"end":{"line":11,"column":7}},{"start":{"line":8,"column":6},"end":{"line":11,"column":7}}],"line":8},"1":{"loc":{"start":{"line":23,"column":6},"end":{"line":26,"column":7}},"type":"if","locations":[{"start":{"line":23,"column":6},"end":{"line":26,"column":7}},{"start":{"line":23,"column":6},"end":{"line":26,"column":7}}],"line":23},"2":{"loc":{"start":{"line":28,"column":4},"end":{"line":30,"column":5}},"type":"if","locations":[{"start":{"line":28,"column":4},"end":{"line":30,"column":5}},{"start":{"line":28,"column":4},"end":{"line":30,"column":5}}],"line":28}},"s":{"0":1,"1":1,"2":1,"3":12,"4":12,"5":240,"6":90,"7":90,"8":1,"9":1,"10":1,"11":1,"12":20,"13":400,"14":400,"15":90,"16":90,"17":20,"18":0,"19":1,"20":1},"f":{"0":1,"1":1},"b":{"0":[90,150],"1":[90,310],"2":[0,20]},"_coverageSchema":"332fd63041d2c1bcb487cc26dd0d5f7d97098a6c","hash":"4a598d9257a7143d8e2648442f4dc2a5c89bcd9f"}
,"C:\\Users\\shaggysmile\\Desktop\\JS Algrotims\\src\\utils\\array.js": {"path":"C:\\Users\\shaggysmile\\Desktop\\JS Algrotims\\src\\utils\\array.js","statementMap":{"0":{"start":{"line":2,"column":2},"end":{"line":2,"column":57}},"1":{"start":{"line":3,"column":2},"end":{"line":3,"column":12}},"2":{"start":{"line":7,"column":2},"end":{"line":10,"column":3}},"3":{"start":{"line":8,"column":4},"end":{"line":8,"column":16}},"4":{"start":{"line":9,"column":4},"end":{"line":9,"column":13}},"5":{"start":{"line":11,"column":15},"end":{"line":11,"column":53}},"6":{"start":{"line":12,"column":2},"end":{"line":12,"column":81}},"7":{"start":{"line":12,"column":54},"end":{"line":12,"column":80}},"8":{"start":{"line":16,"column":2},"end":{"line":19,"column":3}},"9":{"start":{"line":17,"column":24},"end":{"line":17,"column":59}},"10":{"start":{"line":18,"column":4},"end":{"line":18,"column":29}},"11":{"start":{"line":20,"column":2},"end":{"line":20,"column":12}},"12":{"start":{"line":23,"column":0},"end":{"line":27,"column":1}}},"fnMap":{"0":{"name":"swap","decl":{"start":{"line":1,"column":9},"end":{"line":1,"column":13}},"loc":{"start":{"line":1,"column":36},"end":{"line":4,"column":1}},"line":1},"1":{"name":"range","decl":{"start":{"line":6,"column":9},"end":{"line":6,"column":14}},"loc":{"start":{"line":6,"column":33},"end":{"line":13,"column":1}},"line":6},"2":{"name":"(anonymous_2)","decl":{"start":{"line":12,"column":46},"end":{"line":12,"column":47}},"loc":{"start":{"line":12,"column":54},"end":{"line":12,"column":80}},"line":12},"3":{"name":"shuffle","decl":{"start":{"line":15,"column":9},"end":{"line":15,"column":16}},"loc":{"start":{"line":15,"column":23},"end":{"line":21,"column":1}},"line":15}},"branchMap":{"0":{"loc":{"start":{"line":6,"column":23},"end":{"line":6,"column":31}},"type":"default-arg","locations":[{"start":{"line":6,"column":30},"end":{"line":6,"column":31}}],"line":6},"1":{"loc":{"start":{"line":7,"column":2},"end":{"line":10,"column":3}},"type":"if","locations":[{"start":{"line":7,"column":2},"end":{"line":10,"column":3}},{"start":{"line":7,"column":2},"end":{"line":10,"column":3}}],"line":7},"2":{"loc":{"start":{"line":12,"column":54},"end":{"line":12,"column":80}},"type":"cond-expr","locations":[{"start":{"line":12,"column":61},"end":{"line":12,"column":73}},{"start":{"line":12,"column":76},"end":{"line":12,"column":80}}],"line":12}},"s":{"0":201,"1":201,"2":4,"3":1,"4":1,"5":4,"6":4,"7":25,"8":1,"9":19,"10":19,"11":1,"12":2},"f":{"0":201,"1":4,"2":25,"3":1},"b":{"0":[1],"1":[1,3],"2":[25,0]},"_coverageSchema":"332fd63041d2c1bcb487cc26dd0d5f7d97098a6c","hash":"482cc109715232f2888b961f16d0b636540ad6b8"}
}
