TN:
SF:C:\Users\shaggysmile\Desktop\JS Algrotims\src\sort\bubble.js
FN:2,bubbleSort
FN:17,bubbleSort2
FNF:2
FNH:2
FNDA:1,bubbleSort
FNDA:1,bubbleSort2
DA:1,1
DA:3,1
DA:5,1
DA:6,12
DA:7,12
DA:8,240
DA:9,90
DA:10,90
DA:14,1
DA:18,1
DA:19,1
DA:20,1
DA:21,20
DA:22,400
DA:23,400
DA:24,90
DA:25,90
DA:28,20
DA:29,0
DA:32,1
DA:35,1
LF:21
LH:20
BRDA:8,0,0,90
BRDA:8,0,1,150
BRDA:23,1,0,90
BRDA:23,1,1,310
BRDA:28,2,0,0
BRDA:28,2,1,20
BRF:6
BRH:5
end_of_record
TN:
SF:C:\Users\shaggysmile\Desktop\JS Algrotims\src\utils\array.js
FN:1,swap
FN:6,range
FN:12,(anonymous_2)
FN:15,shuffle
FNF:4
FNH:4
FNDA:201,swap
FNDA:4,range
FNDA:25,(anonymous_2)
FNDA:1,shuffle
DA:2,201
DA:3,201
DA:7,4
DA:8,1
DA:9,1
DA:11,4
DA:12,25
DA:16,1
DA:17,19
DA:18,19
DA:20,1
DA:23,2
LF:12
LH:12
BRDA:6,0,0,1
BRDA:7,1,0,1
BRDA:7,1,1,3
BRDA:12,2,0,25
BRDA:12,2,1,0
BRF:5
BRH:4
end_of_record
